2026-03-25 05:58:44,112 - INFO - Character-Level Generation Execution Pipeline
2026-03-25 05:58:44,160 - INFO - Targeting active device architecture mapping -> cuda
2026-03-25 05:58:44,160 - INFO - Task-0: Loading and preparing data from dataset.
2026-03-25 05:58:44,160 - INFO - Successfully loaded 1000 names.
2026-03-25 05:58:44,160 - INFO - Data sample (first 5): ['Aarav', 'Aditya', 'Arjun', 'Arnav', 'Aryan']
2026-03-25 05:58:44,160 - INFO - Constructed vocabulary with size: 50
2026-03-25 05:58:44,163 - INFO - Generated padded data tensor of shape: [1000, 16]
2026-03-25 05:58:44,611 - INFO - --- Model Spec: Vanilla RNN ---
2026-03-25 05:58:44,611 - INFO - Description: Standard Unidirectional RNN mapping explicit limit dropouts.
2026-03-25 05:58:44,611 - INFO - Hyperparameters Set: Hidden Size=128, Layers=1, LR=0.003
2026-03-25 05:58:44,611 - INFO - Trainable memory parameters: 34,482 (Estimated Memory Footprint: 0.1315 MB)
2026-03-25 05:58:44,611 - INFO - Structural Pipeline Summary:
VanillaRNN(
  (embed): Embedding(50, 64)
  (embedding_dropout): Dropout(p=0.2, inplace=False)
  (rnn): RNN(64, 128, batch_first=True)
  (output_dropout): Dropout(p=0.2, inplace=False)
  (fc): Linear(in_features=128, out_features=50, bias=True)
)

2026-03-25 05:58:44,611 - INFO - Beginning optimization pass for model block -> Vanilla RNN
2026-03-25 05:58:45,643 - INFO - Progress | Epoch 01/60 - Loss: 3.2549 | Acc: 21.23% | Active LR: 0.003000
2026-03-25 05:58:45,768 - INFO - Progress | Epoch 10/60 - Loss: 1.9798 | Acc: 38.71% | Active LR: 0.003000
2026-03-25 05:58:45,908 - INFO - Progress | Epoch 20/60 - Loss: 1.8787 | Acc: 40.45% | Active LR: 0.003000
2026-03-25 05:58:46,046 - INFO - Progress | Epoch 30/60 - Loss: 1.8059 | Acc: 42.66% | Active LR: 0.003000
2026-03-25 05:58:46,183 - INFO - Progress | Epoch 40/60 - Loss: 1.7529 | Acc: 44.39% | Active LR: 0.003000
2026-03-25 05:58:46,320 - INFO - Progress | Epoch 50/60 - Loss: 1.7035 | Acc: 45.93% | Active LR: 0.003000
2026-03-25 05:58:46,460 - INFO - Progress | Epoch 60/60 - Loss: 1.6546 | Acc: 46.59% | Active LR: 0.003000
2026-03-25 05:58:46,461 - INFO - --- Model Spec: BLSTM ---
2026-03-25 05:58:46,461 - INFO - Description: Bidirectional constraint applying autoregressive masking checks.
2026-03-25 05:58:46,461 - INFO - Hyperparameters Set: Hidden Size=128, Layers=1, LR=0.003
2026-03-25 05:58:46,461 - INFO - Trainable memory parameters: 214,706 (Estimated Memory Footprint: 0.8190 MB)
2026-03-25 05:58:46,461 - INFO - Structural Pipeline Summary:
BLSTMModel(
  (embed): Embedding(50, 64)
  (embedding_dropout): Dropout(p=0.2, inplace=False)
  (blstm): LSTM(64, 128, batch_first=True, bidirectional=True)
  (output_dropout): Dropout(p=0.2, inplace=False)
  (fc): Linear(in_features=256, out_features=50, bias=True)
)

2026-03-25 05:58:46,461 - INFO - Beginning optimization pass for model block -> BLSTM
2026-03-25 05:58:46,621 - INFO - Progress | Epoch 01/60 - Loss: 3.5199 | Acc: 24.13% | Active LR: 0.003000
2026-03-25 05:58:48,036 - INFO - Progress | Epoch 10/60 - Loss: 1.9496 | Acc: 39.07% | Active LR: 0.003000
2026-03-25 05:58:49,591 - INFO - Progress | Epoch 20/60 - Loss: 1.8346 | Acc: 41.91% | Active LR: 0.003000
2026-03-25 05:58:51,122 - INFO - Progress | Epoch 30/60 - Loss: 1.7509 | Acc: 43.97% | Active LR: 0.003000
2026-03-25 05:58:52,519 - INFO - Progress | Epoch 40/60 - Loss: 1.6565 | Acc: 46.13% | Active LR: 0.003000
2026-03-25 05:58:53,984 - INFO - Progress | Epoch 50/60 - Loss: 1.5833 | Acc: 48.23% | Active LR: 0.003000
2026-03-25 05:58:55,414 - INFO - Progress | Epoch 60/60 - Loss: 1.5169 | Acc: 50.41% | Active LR: 0.003000
2026-03-25 05:58:55,418 - INFO - --- Model Spec: Attention RNN ---
2026-03-25 05:58:55,418 - INFO - Description: GRU mapping safe upper-triangular attention blocks.
2026-03-25 05:58:55,418 - INFO - Hyperparameters Set: Hidden Size=128, Layers=1, LR=0.003
2026-03-25 05:58:55,418 - INFO - Trainable memory parameters: 123,699 (Estimated Memory Footprint: 0.4719 MB)
2026-03-25 05:58:55,418 - INFO - Structural Pipeline Summary:
AttentionRNN(
  (embed): Embedding(50, 64)
  (embedding_dropout): Dropout(p=0.2, inplace=False)
  (gru): GRU(64, 128, batch_first=True)
  (attn_w): Linear(in_features=128, out_features=128, bias=True)
  (attn_u): Linear(in_features=128, out_features=128, bias=True)
  (attn_v): Linear(in_features=128, out_features=1, bias=True)
  (output_dropout): Dropout(p=0.2, inplace=False)
  (fc): Linear(in_features=256, out_features=50, bias=True)
)

2026-03-25 05:58:55,418 - INFO - Beginning optimization pass for model block -> Attention RNN
2026-03-25 05:58:55,468 - INFO - Progress | Epoch 01/60 - Loss: 3.3673 | Acc: 20.23% | Active LR: 0.003000
2026-03-25 05:58:55,665 - INFO - Progress | Epoch 10/60 - Loss: 1.9303 | Acc: 39.79% | Active LR: 0.003000
2026-03-25 05:58:55,885 - INFO - Progress | Epoch 20/60 - Loss: 1.7675 | Acc: 43.57% | Active LR: 0.003000
2026-03-25 05:58:56,106 - INFO - Progress | Epoch 30/60 - Loss: 1.6406 | Acc: 47.50% | Active LR: 0.003000
2026-03-25 05:58:56,327 - INFO - Progress | Epoch 40/60 - Loss: 1.5120 | Acc: 50.80% | Active LR: 0.003000
2026-03-25 05:58:56,548 - INFO - Progress | Epoch 50/60 - Loss: 1.4064 | Acc: 53.53% | Active LR: 0.003000
2026-03-25 05:58:56,758 - INFO - Progress | Epoch 60/60 - Loss: 1.3313 | Acc: 56.20% | Active LR: 0.003000
2026-03-25 05:58:57,715 - INFO - Task-2: Computing Quantitative Evaluation Results
2026-03-25 05:58:57,716 - INFO - Evaluation Metrics [Vanilla RNN] -> Novelty: 93.00% | Diversity: 100.00%
2026-03-25 05:58:57,716 - INFO - Evaluation Metrics [BLSTM] -> Novelty: 86.73% | Diversity: 98.00%
2026-03-25 05:58:57,716 - INFO - Evaluation Metrics [Attention RNN] -> Novelty: 74.00% | Diversity: 100.00%
2026-03-25 05:58:57,716 - INFO - Initializing visual charts
2026-03-25 05:58:58,409 - INFO - Saved all visual evaluations securely into `outputs/`
2026-03-25 05:58:58,410 - INFO - Full script pipeline exited successfully. Consult the `/outputs` directory.
2026-03-25 18:45:12,247 - INFO - Commencing Evaluation Execution Block (Generation & Computation)...
2026-03-25 18:45:12,292 - INFO - Task-0: Loading and preparing data from dataset.
2026-03-25 18:45:12,293 - INFO - Successfully loaded 1000 names.
2026-03-25 18:45:12,293 - INFO - Data sample (first 5): ['Aarav', 'Aditya', 'Arjun', 'Arnav', 'Aryan']
2026-03-25 18:45:12,293 - INFO - Constructed vocabulary with size: 50
2026-03-25 18:45:12,295 - INFO - Generated padded data tensor of shape: [1000, 16]
2026-03-25 18:45:12,565 - INFO - Memory Checkpoint mapped successfully for -> Vanilla RNN
2026-03-25 18:45:12,949 - INFO - Flushed generation stream successfully for Vanilla RNN
2026-03-25 18:45:12,951 - INFO - Memory Checkpoint mapped successfully for -> BLSTM
2026-03-25 18:45:13,416 - INFO - Flushed generation stream successfully for BLSTM
2026-03-25 18:45:13,417 - INFO - Memory Checkpoint mapped successfully for -> Attention RNN
2026-03-25 18:45:13,898 - INFO - Flushed generation stream successfully for Attention RNN
2026-03-25 18:45:13,898 - INFO - Tracing evaluation logic against original target indices.
2026-03-25 18:45:13,898 - INFO - Computing Quantitative Evaluation Metrics (Novelty & Diversity)
2026-03-25 18:45:13,898 - INFO - Metrics [Vanilla RNN] -> Novelty: 93.00% | Diversity: 100.00%
2026-03-25 18:45:13,899 - INFO - Metrics [BLSTM] -> Novelty: 89.90% | Diversity: 99.00%
2026-03-25 18:45:13,899 - INFO - Metrics [Attention RNN] -> Novelty: 69.70% | Diversity: 99.00%
2026-03-25 18:45:13,899 - INFO - Initializing visual evaluation charts...
2026-03-25 18:45:14,371 - INFO - Saved analytical evaluation visuals securely into `outputs/`
2026-03-25 18:45:14,372 - INFO - System evaluation exited securely updating outputs/generated_samples.txt and /outputs/ plotting graphs.
2026-03-25 18:47:43,205 - INFO - Task-0: Loading and preparing data from dataset.
2026-03-25 18:47:43,205 - INFO - Successfully loaded 1000 names.
2026-03-25 18:47:43,205 - INFO - Data sample (first 5): ['Aarav', 'Aditya', 'Arjun', 'Arnav', 'Aryan']
2026-03-25 18:47:43,205 - INFO - Constructed vocabulary with size: 50
2026-03-25 18:47:43,208 - INFO - Generated padded data tensor of shape: [1000, 16]
2026-03-25 18:47:44,853 - INFO - Computing Quantitative Evaluation Metrics (Novelty & Diversity)
2026-03-25 18:47:44,853 - INFO - Metrics [Vanilla RNN] -> Novelty: 93.00% | Diversity: 100.00%
2026-03-25 18:47:44,853 - INFO - Metrics [BLSTM] -> Novelty: 92.00% | Diversity: 100.00%
2026-03-25 18:47:44,853 - INFO - Metrics [Attention RNN] -> Novelty: 70.00% | Diversity: 100.00%
2026-03-25 18:54:59,474 - INFO - Commencing Evaluation Execution Block (Generation & Computation)...
2026-03-25 18:54:59,539 - INFO - Task-0: Loading and preparing data from dataset.
2026-03-25 18:54:59,540 - INFO - Successfully loaded 1000 names.
2026-03-25 18:54:59,540 - INFO - Data sample (first 5): ['Aarav', 'Aditya', 'Arjun', 'Arnav', 'Aryan']
2026-03-25 18:54:59,540 - INFO - Constructed vocabulary with size: 50
2026-03-25 18:54:59,542 - INFO - Generated padded data tensor of shape: [1000, 16]
2026-03-25 18:55:00,100 - INFO - Memory Checkpoint mapped successfully for -> Vanilla RNN
2026-03-25 18:55:00,398 - INFO - Flushed generation stream successfully for Vanilla RNN
2026-03-25 18:55:00,401 - INFO - Memory Checkpoint mapped successfully for -> BLSTM
2026-03-25 18:55:00,537 - INFO - Flushed generation stream successfully for BLSTM
2026-03-25 18:55:00,539 - INFO - Memory Checkpoint mapped successfully for -> Attention RNN
2026-03-25 18:55:00,791 - INFO - Flushed generation stream successfully for Attention RNN
2026-03-25 18:55:00,791 - INFO - Tracing evaluation logic against original target indices.
2026-03-25 18:55:00,791 - INFO - Computing Quantitative Evaluation Metrics (Novelty & Diversity)
2026-03-25 18:55:00,791 - INFO - Metrics [Vanilla RNN] -> Novelty: 94.00% | Diversity: 100.00%
2026-03-25 18:55:00,792 - INFO - Metrics [BLSTM] -> Novelty: 78.00% | Diversity: 100.00%
2026-03-25 18:55:00,792 - INFO - Metrics [Attention RNN] -> Novelty: 62.00% | Diversity: 100.00%
2026-03-25 18:55:00,792 - INFO - Initializing visual evaluation charts...
2026-03-25 18:55:01,255 - INFO - Saved analytical evaluation visuals securely into `outputs/`
2026-03-25 18:55:01,256 - INFO - System evaluation exited securely updating outputs/generated_samples.txt and /outputs/ plotting graphs.
2026-03-25 18:55:37,354 - INFO - Task-0: Loading and preparing data from dataset.
2026-03-25 18:55:37,354 - INFO - Successfully loaded 1000 names.
2026-03-25 18:55:37,354 - INFO - Data sample (first 5): ['Aarav', 'Aditya', 'Arjun', 'Arnav', 'Aryan']
2026-03-25 18:55:37,354 - INFO - Constructed vocabulary with size: 50
2026-03-25 18:55:37,358 - INFO - Generated padded data tensor of shape: [1000, 16]
2026-03-25 18:55:37,381 - INFO - Computing Quantitative Evaluation Metrics (Novelty & Diversity)
2026-03-25 18:55:37,381 - INFO - Metrics [Vanilla RNN] -> Novelty: 94.00% | Diversity: 100.00%
2026-03-25 18:55:37,381 - INFO - Metrics [BLSTM] -> Novelty: 78.00% | Diversity: 100.00%
2026-03-25 18:55:37,381 - INFO - Metrics [Attention RNN] -> Novelty: 62.00% | Diversity: 100.00%
