Starting Word2Vec Preprocessing and Training Pipeline
and Training Pipeline
Wednesday 25 March 2026 02:35:56 PM IST
----------------------------------------
Running Preprocessing...
Starting Preprocessing

Corpus Statistics:
Number of documents: 460
Total tokens: 698783
Vocabulary size: 27873

Top 20 words:
  lectures: 10207
  engineering: 6804
  tech: 5487
  course: 5288
  learning: 4637
  design: 4274
  students: 3918
  systems: 3706
  department: 3346
  data: 3315
  student: 3193
  xx: 3137
  introduction: 3059
  science: 2945
  program: 2941
  analysis: 2642
  material: 2555
  semester: 2492
  applications: 2478
  ph: 2363
Saved processed corpus to data/corpus.txt
Filtered vocabulary size (min_count=2): 19148
Preprocessing completed and data saved.
Training Config sg1: Skip-gram (dim=50, window=3)...
Training skipgram: dim=50, window=3, neg=5
  epoch 1/3, loss: 2.0998
  epoch 2/3, loss: 1.6242
  epoch 3/3, loss: 1.4881
Finished. Saved to data/models/sg1_W.npy
Training Config sg2: Skip-gram (dim=300, window=5)...
Training skipgram: dim=300, window=5, neg=5
  epoch 1/3, loss: 1.9151
  epoch 2/3, loss: 1.5283
  epoch 3/3, loss: 1.3778
Finished. Saved to data/models/sg2_W.npy
Training Config sg3: Skip-gram (dim=100, window=5, neg=10)...
Training skipgram: dim=100, window=5, neg=10
  epoch 1/3, loss: 2.3152
  epoch 2/3, loss: 1.8701
  epoch 3/3, loss: 1.7355
Finished. Saved to data/models/sg3_W.npy
Training Config cbow1: CBOW (dim=50, window=3)...
Training CBOW: dim=50, window=3, neg=5
  epoch 1/3, loss: 3.2157
  epoch 2/3, loss: 2.1085
  epoch 3/3, loss: 1.8371
Finished. Saved to data/models/cbow1_W.npy
Training Config cbow2: CBOW (dim=300, window=5)...
Training CBOW: dim=300, window=5, neg=5
  epoch 1/3, loss: 3.2536
  epoch 2/3, loss: 2.2031
  epoch 3/3, loss: 1.9277
Finished. Saved to data/models/cbow2_W.npy
Training Config cbow3: CBOW (dim=100, window=5, neg=10)...
Training CBOW: dim=100, window=5, neg=10
  epoch 1/3, loss: 3.9822
  epoch 2/3, loss: 2.6441
  epoch 3/3, loss: 2.3513
Finished. Saved to data/models/cbow3_W.npy
Running Evaluation (PCA, t-SNE, Heatmaps, stats)...

Loading models for Evaluation

Training Gensim models for baseline comparison:
trained gensim skipgram and cbow models

==================================================
TASK 3: SEMANTIC ANALYSIS - NEAREST NEIGHBORS
==================================================

--- Scratch Skip-Gram Nearest Neighbors ---
research   -> scholars (0.569), journals (0.566), hosts (0.564), collaborate (0.563), excellence (0.561)
student    -> stands (0.669), thestudent (0.662), astudent (0.660), preferably (0.660), studentthefollowingfour (0.659)
phd        -> mtech (0.711), swetha (0.667), sarangi (0.665), mohd (0.657), thirumalesh (0.649)
exam       -> residinginthehostelsandtakingmedicalconsultationwithoutsidedoctorsare (0.784), quiz (0.772), makeup (0.768), shewasadmittedinthehospitalduringtheperiod (0.757), workingdate (0.756)

--- Scratch CBOW Nearest Neighbors ---
research   -> exploring (0.936), likely (0.931), industry (0.930), aiming (0.930), executed (0.927)
student    -> following (0.988), until (0.986), eligible (0.984), registered (0.983), requirements (0.982)
phd        -> wherever (0.977), ph (0.976), details (0.975), mtech (0.968), curriculum (0.967)
exam       -> submission (0.992), person (0.985), date (0.985), considered (0.982), convener (0.978)

--- Gensim Skip-Gram Nearest Neighbors ---
research   -> receive (0.591), mentor (0.571), ambesh (0.559), interest (0.557), excellence (0.552)
student    -> astudent (0.689), successfully (0.682), receiving (0.680), allowed (0.678), stands (0.676)
phd        -> mtech (0.853), dcs (0.782), msc (0.779), comm (0.779), btech (0.777)
exam       -> quiz (0.891), workingdate (0.883), makeup (0.881), prorating (0.873), supplementary (0.861)

--- Gensim CBOW Nearest Neighbors ---
research   -> interest (0.890), drafts (0.849), likely (0.842), expertise (0.808), diverse (0.792)
student    -> indicated (0.893), completion (0.876), respective (0.876), tochangetheregistrationtothepart (0.871), required (0.857)
phd        -> mtech (0.971), btech (0.945), tech (0.937), visvesvaraya (0.932), dcs (0.923)
exam       -> missed (0.938), cleared (0.927), appear (0.923), within (0.922), examination (0.920)

==================================================
TASK 3: SEMANTIC ANALYSIS - ANALOGY TESTS
==================================================

--- Analogy Testing for Scratch Skip-Gram ---
ug : btech :: pg : ?                -> enginering(0.604), diploma(0.597), mtech(0.586)
student : phd :: faculty : ?        -> mtech(0.559), asst(0.530), traditionally(0.527)
department : cse :: school : ?      -> saide(0.614), liberal(0.609), sod(0.588)

--- Analogy Testing for Scratch CBOW ---
ug : btech :: pg : ?                -> stackable(0.921), reviewed(0.921), diploma(0.915)
student : phd :: faculty : ?        -> majhi(0.782), drude(0.762), automobiles(0.743)
department : cse :: school : ?      -> zeroth(0.640), includin(0.578), conceptualizing(0.565)

--- Analogy Testing for Gensim Skip-Gram ---
ug : btech :: pg : ?                -> mtech(0.797), coreprerequisite(0.795), enginering(0.795)
student : phd :: faculty : ?        -> asst(0.604), dept(0.601), mtech(0.574)
department : cse :: school : ?      -> stem(0.686), saide(0.676), sod(0.675)

--- Analogy Testing for Gensim CBOW ---
ug : btech :: pg : ?                -> mtech(0.933), cse(0.917), stackable(0.892)
student : phd :: faculty : ?        -> hosting(0.813), priyanka(0.794), advisors(0.786)
department : cse :: school : ?      -> liberal(0.842), mba(0.791), saide(0.788)

==================================================
TASK 4: VISUALIZATIONS GENERATION
==================================================
Visualizations saved to data/ directory successfully.

ASSIGNMENT DELIVERABLES SUMMARY:
P1: Size of corpus file -> 5.4754 MB
P1: Top 10 frequent words -> lectures: 10207, engineering: 6804, tech: 5487, course: 5288, learning: 4637, design: 4274, students: 3918, systems: 3706, department: 3346, data: 3315
----------------------------------------
Pipeline execution finished successfully. Output detailed in experiment.log
Check data/ directory for visualizations, corpus, and models.
Wednesday 25 March 2026 07:29:31 PM IST
46, data: 3315
----------------------------------------
Pipeline execution finished successfully. Output detailed in experiment.log
Check data/ directory for visualizations, corpus, and models.
Wednesday 25 March 2026 07:29:31 PM IST
